GAS LISTING /tmp/ccbenky6.s 			page 1


   1              		.file	"main.c"
   2              		.option nopic
   3              		.option norelax
   4              		.text
   5              	.Ltext0:
   6              		.cfi_sections	.debug_frame
   7              		.align	2
   8              		.globl	main
  10              	main:
  11              	.LFB0:
  12              		.file 1 "src/main.c"
   1:src/main.c    **** #include "../lib/console.h"
   2:src/main.c    **** 
   3:src/main.c    **** int main() {
  13              		.loc 1 3 12
  14              		.cfi_startproc
  15 0000 130101FF 		addi	sp,sp,-16
  16              		.cfi_def_cfa_offset 16
  17 0004 23341100 		sd	ra,8(sp)
  18 0008 23308100 		sd	s0,0(sp)
  19              		.cfi_offset 1, -8
  20              		.cfi_offset 8, -16
  21 000c 13040101 		addi	s0,sp,16
  22              		.cfi_def_cfa 8, 0
   4:src/main.c    ****     __putc('?');
  23              		.loc 1 4 5
  24 0010 1305F003 		li	a0,63
  25 0014 97000000 		call	__putc
  25      E7800000 
  26              	.LVL0:
   5:src/main.c    ****     __putc('\n');
  27              		.loc 1 5 5
  28 001c 1305A000 		li	a0,10
  29 0020 97000000 		call	__putc
  29      E7800000 
  30              	.LVL1:
   6:src/main.c    ****     return 0;
  31              		.loc 1 6 5
   7:src/main.c    **** }...
  32              		.loc 1 7 1 is_stmt 0
  33 0028 13050000 		li	a0,0
  34 002c 83308100 		ld	ra,8(sp)
  35              		.cfi_restore 1
  36 0030 03340100 		ld	s0,0(sp)
  37              		.cfi_restore 8
  38              		.cfi_def_cfa 2, 16
  39 0034 13010101 		addi	sp,sp,16
  40              		.cfi_def_cfa_offset 0
  41 0038 67800000 		jr	ra
  42              		.cfi_endproc
  43              	.LFE0:
  45              	.Letext0:
  46              		.file 2 "src/../lib/console.h"
GAS LISTING /tmp/ccbenky6.s 			page 2


DEFINED SYMBOLS
                            *ABS*:0000000000000000 main.c
     /tmp/ccbenky6.s:10     .text:0000000000000000 main
     /tmp/ccbenky6.s:14     .text:0000000000000000 .L0 
     /tmp/ccbenky6.s:15     .text:0000000000000000 .L0 
     /tmp/ccbenky6.s:16     .text:0000000000000004 .L0 
     /tmp/ccbenky6.s:19     .text:000000000000000c .L0 
     /tmp/ccbenky6.s:20     .text:000000000000000c .L0 
     /tmp/ccbenky6.s:22     .text:0000000000000010 .L0 
     /tmp/ccbenky6.s:24     .text:0000000000000010 .L0 
     /tmp/ccbenky6.s:28     .text:000000000000001c .L0 
     /tmp/ccbenky6.s:32     .text:0000000000000028 .L0 
     /tmp/ccbenky6.s:33     .text:0000000000000028 .L0 
     /tmp/ccbenky6.s:35     .text:0000000000000030 .L0 
     /tmp/ccbenky6.s:37     .text:0000000000000034 .L0 
     /tmp/ccbenky6.s:38     .text:0000000000000034 .L0 
     /tmp/ccbenky6.s:40     .text:0000000000000038 .L0 
     /tmp/ccbenky6.s:42     .text:000000000000003c .L0 
     /tmp/ccbenky6.s:47     .text:000000000000003c .L0 
                     .debug_frame:0000000000000000 .L0 
     /tmp/ccbenky6.s:105    .debug_abbrev:0000000000000000 .Ldebug_abbrev0
     /tmp/ccbenky6.s:227    .debug_str:0000000000000000 .LASF0
     /tmp/ccbenky6.s:231    .debug_str:00000000000000c1 .LASF1
     /tmp/ccbenky6.s:229    .debug_str:000000000000009e .LASF2
     /tmp/ccbenky6.s:5      .text:0000000000000000 .Ltext0
     /tmp/ccbenky6.s:45     .text:000000000000003c .Letext0
     /tmp/ccbenky6.s:225    .debug_line:0000000000000000 .Ldebug_line0
     /tmp/ccbenky6.s:233    .debug_str:00000000000000cc .LASF3
     /tmp/ccbenky6.s:11     .text:0000000000000000 .LFB0
     /tmp/ccbenky6.s:43     .text:000000000000003c .LFE0
     /tmp/ccbenky6.s:26     .text:000000000000001c .LVL0
     /tmp/ccbenky6.s:30     .text:0000000000000028 .LVL1
     /tmp/ccbenky6.s:235    .debug_str:00000000000000d1 .LASF4
     /tmp/ccbenky6.s:48     .debug_info:0000000000000000 .Ldebug_info0

UNDEFINED SYMBOLS
__putc
